<?xml version="1.0" encoding="UTF-8"?>
<!-- Generated by org.testng.reporters.JUnitReportReporter -->
<testsuite skipped="0" hostname="NadiruzamansMBP.fios-router.home" name="account.AccountForm" tests="2" failures="0" timestamp="2022-03-19T09:48:07 EDT" time="2.292" errors="0">
  <testcase name="verifyCreateEmailEccepted" time="0.102" classname="account.AccountForm"/>
  <system-out/>
  <testcase name="verifyLoginTestWithInvalidPassword" time="2.190" classname="account.AccountForm"/>
  <system-out/>
</testsuite> <!-- account.AccountForm -->
