<?xml version="1.0" encoding="UTF-8"?>
<!-- Generated by org.testng.reporters.JUnitReportReporter -->
<testsuite skipped="0" hostname="Nadiruzzamans-MacBook-Pro.local" name="account.AccountForm" tests="4" failures="0" timestamp="2022-05-07T08:56:17 EDT" time="7.178" errors="0">
  <testcase name="verifyLoginTestWithInvalidPassword" time="2.578" classname="account.AccountForm"/>
  <system-out/>
  <testcase name="verifyCreateEmailEccepted" time="0.079" classname="account.AccountForm"/>
  <system-out/>
  <testcase name="verifyCreateEmailEccepted" time="0.124" classname="account.AccountForm"/>
  <system-out/>
  <testcase name="verifyLoginTestWithInvalidPassword" time="4.397" classname="account.AccountForm"/>
  <system-out/>
</testsuite> <!-- account.AccountForm -->
